[debug] [2022-03-08T14:08:54.172Z] ----------------------------------------------------------------------
[debug] [2022-03-08T14:08:54.184Z] Command:       C:\Program Files\nodejs\node.exe C:\Program Files\nodejs\node_modules\firebase-tools\lib\bin\firebase.js init
[debug] [2022-03-08T14:08:54.187Z] CLI Version:   10.2.2
[debug] [2022-03-08T14:08:54.188Z] Platform:      win32
[debug] [2022-03-08T14:08:54.190Z] Node Version:  v16.13.1
[debug] [2022-03-08T14:08:54.203Z] Time:          Tue Mar 08 2022 19:38:54 GMT+0530 (India Standard Time)
[debug] [2022-03-08T14:08:54.206Z] ----------------------------------------------------------------------
[debug] 
[debug] [2022-03-08T14:08:54.281Z] >>> [apiv2][query] GET https://firebase-public.firebaseio.com/cli.json [none]
[debug] [2022-03-08T14:08:54.849Z] > command requires scopes: ["email","openid","https://www.googleapis.com/auth/cloudplatformprojects.readonly","https://www.googleapis.com/auth/firebase","https://www.googleapis.com/auth/cloud-platform"]
[debug] [2022-03-08T14:08:54.850Z] > authorizing via signed-in user (vikram7ayaluri@gmail.com)
[info] 
     ######## #### ########  ######## ########     ###     ######  ########
     ##        ##  ##     ## ##       ##     ##  ##   ##  ##       ##
     ######    ##  ########  ######   ########  #########  ######  ######
     ##        ##  ##    ##  ##       ##     ## ##     ##       ## ##
     ##       #### ##     ## ######## ########  ##     ##  ######  ########

You're about to initialize a Firebase project in this directory:

  C:\Users\91970\Desktop\cherry\vhatsapp-bot

Before we get started, keep in mind:

  * You are initializing within an existing Firebase project directory

[debug] [2022-03-08T14:08:55.760Z] <<< [apiv2][status] GET https://firebase-public.firebaseio.com/cli.json 200
[debug] [2022-03-08T14:08:55.761Z] <<< [apiv2][body] GET https://firebase-public.firebaseio.com/cli.json {"cloudBuildErrorAfter":1594252800000,"cloudBuildWarnAfter":1590019200000,"defaultNode10After":1594252800000,"minVersion":"3.0.5","node8DeploysDisabledAfter":1613390400000,"node8RuntimeDisabledAfter":1615809600000,"node8WarnAfter":1600128000000}
[info] 
=== Project Setup
[info] 
[info] First, let's associate this project directory with a Firebase project.
[info] You can create multiple project aliases by running firebase use --add, 
[info] but for now we'll just set up a default project.
[info] 
[debug] [2022-03-08T14:10:05.213Z] Using project from CLI flag: vhatsapp-bot
[debug] [2022-03-08T14:10:05.214Z] > refreshing access token with scopes: []
[debug] [2022-03-08T14:10:05.215Z] >>> HTTP REQUEST POST https://www.googleapis.com/oauth2/v3/token  
 <request body omitted>
[debug] [2022-03-08T14:10:05.486Z] <<< HTTP RESPONSE 200 {"cache-control":"no-cache, no-store, max-age=0, must-revalidate","pragma":"no-cache","date":"Tue, 08 Mar 2022 14:10:01 GMT","expires":"Mon, 01 Jan 1990 00:00:00 GMT","content-type":"application/json; charset=utf-8","vary":"X-Origin, Referer, Origin,Accept-Encoding","server":"scaffolding on HTTPServer2","x-xss-protection":"0","x-frame-options":"SAMEORIGIN","x-content-type-options":"nosniff","alt-svc":"h3=\":443\"; ma=2592000,h3-29=\":443\"; ma=2592000,h3-Q050=\":443\"; ma=2592000,h3-Q046=\":443\"; ma=2592000,h3-Q043=\":443\"; ma=2592000,quic=\":443\"; ma=2592000; v=\"46,43\"","accept-ranges":"none","transfer-encoding":"chunked"}
[debug] [2022-03-08T14:10:05.517Z] >>> [apiv2][query] GET https://firebase.googleapis.com/v1beta1/projects/vhatsapp-bot [none]
[debug] [2022-03-08T14:10:06.081Z] <<< [apiv2][status] GET https://firebase.googleapis.com/v1beta1/projects/vhatsapp-bot 200
[debug] [2022-03-08T14:10:06.082Z] <<< [apiv2][body] GET https://firebase.googleapis.com/v1beta1/projects/vhatsapp-bot {"projectId":"vhatsapp-bot","projectNumber":"506167316772","displayName":"Vhatsapp","name":"projects/vhatsapp-bot","resources":{"hostingSite":"vhatsapp-bot"},"state":"ACTIVE"}
[info] i  Using project vhatsapp-bot (Vhatsapp) 
[info] 
=== Hosting Setup
[info] 
[info] Your public directory is the folder (relative to your project directory) that
[info] will contain Hosting assets to be uploaded with firebase deploy. If you
[info] have a build process for your assets, use your build's output directory.
[info] 
[debug] [2022-03-08T14:10:13.715Z] >>> [apiv2][query] GET https://www.gstatic.com/firebasejs/releases.json [none]
[debug] [2022-03-08T14:10:13.958Z] <<< [apiv2][status] GET https://www.gstatic.com/firebasejs/releases.json 200
[debug] [2022-03-08T14:10:13.958Z] <<< [apiv2][body] GET https://www.gstatic.com/firebasejs/releases.json {"current":{"version":"9.6.8","browserURL":"https://www.gstatic.com/firebasejs/9.6.8/firebase.js","packageURL":"https://www.gstatic.com/firebasejs/9.6.8/firebase.tgz"},"live":{"version":"9.6","browserURL":"https://www.gstatic.com/firebasejs/live/9.6/firebase.js","packageURL":"https://www.gstatic.com/firebasejs/live/9.6/firebase.tgz"},"components":{"analytics":"https://www.gstatic.com/firebasejs/9.6.8/firebase-analytics.js","app":"https://www.gstatic.com/firebasejs/9.6.8/firebase-app.js","app-check":"https://www.gstatic.com/firebasejs/9.6.8/firebase-app-check.js","auth":"https://www.gstatic.com/firebasejs/9.6.8/firebase-auth.js","auth/cordova":"https://www.gstatic.com/firebasejs/9.6.8/firebase-auth/cordova.js","auth/react-native":"https://www.gstatic.com/firebasejs/9.6.8/firebase-auth/react-native.js","functions":"https://www.gstatic.com/firebasejs/9.6.8/firebase-functions.js","firestore":"https://www.gstatic.com/firebasejs/9.6.8/firebase-firestore.js","firestore/lite":"https://www.gstatic.com/firebasejs/9.6.8/firebase-firestore/lite.js","storage":"https://www.gstatic.com/firebasejs/9.6.8/firebase-storage.js","performance":"https://www.gstatic.com/firebasejs/9.6.8/firebase-performance.js","remote-config":"https://www.gstatic.com/firebasejs/9.6.8/firebase-remote-config.js","messaging":"https://www.gstatic.com/firebasejs/9.6.8/firebase-messaging.js","messaging/sw":"https://www.gstatic.com/firebasejs/9.6.8/firebase-messaging/sw.js","database":"https://www.gstatic.com/firebasejs/9.6.8/firebase-database.js","firestore.memory":"https://www.gstatic.com/firebasejs/9.6.8/firebase-firestore.memory.js"}}
[info] +  Wrote public/index.html 
[info] 
[info] i  Detected a .git folder at C:\Users\91970\Desktop\cherry\vhatsapp-bot 
[info] i  Authorizing with GitHub to upload your service account to a GitHub repository's secrets store. 
[info] 
[info] Visit this URL on this device to log in:
[info] https://github.com/login/oauth/authorize?client_id=89cf50f02ac6aaed3484&state=35823723&redirect_uri=http%3A%2F%2Flocalhost%3A9005&scope=read%3Auser%20repo%20public_repo
[info] 
[info] Waiting for authentication...
[debug] [2022-03-08T14:10:17.271Z] >>> HTTP REQUEST POST https://github.com/login/oauth/access_token  
 {"client_id":"89cf50f02ac6aaed3484","client_secret":"3330d14abc895d9a74d5f17cd7a00711fa2c5bf0","code":"1f8f84254b2596a707a8","redirect_uri":"http://localhost:9005","state":"35823723"}
[debug] [2022-03-08T14:10:17.710Z] <<< HTTP RESPONSE 200 {"server":"GitHub.com","date":"Tue, 08 Mar 2022 14:10:13 GMT","content-type":"application/json; charset=utf-8","transfer-encoding":"chunked","vary":"X-PJAX, X-PJAX-Container, Accept-Encoding, Accept, X-Requested-With","permissions-policy":"interest-cohort=()","etag":"W/\"369bf85bbbd5948c18a38e47b6d14a1c\"","cache-control":"max-age=0, private, must-revalidate","strict-transport-security":"max-age=31536000; includeSubdomains; preload","x-frame-options":"deny","x-content-type-options":"nosniff","x-xss-protection":"0","referrer-policy":"origin-when-cross-origin, strict-origin-when-cross-origin","expect-ct":"max-age=2592000, report-uri=\"https://api.github.com/_private/browser/errors\"","content-security-policy":"default-src 'none'; base-uri 'self'; block-all-mixed-content; child-src github.com/assets-cdn/worker/ gist.github.com/assets-cdn/worker/; connect-src 'self' uploads.github.com objects-origin.githubusercontent.com www.githubstatus.com collector.githubapp.com collector.github.com api.github.com github-cloud.s3.amazonaws.com github-production-repository-file-5c1aeb.s3.amazonaws.com github-production-upload-manifest-file-7fdce7.s3.amazonaws.com github-production-user-asset-6210df.s3.amazonaws.com cdn.optimizely.com logx.optimizely.com/v1/events translator.github.com wss://alive.github.com; font-src github.githubassets.com; form-action 'self' github.com gist.github.com objects-origin.githubusercontent.com; frame-ancestors 'none'; frame-src render.githubusercontent.com viewscreen.githubusercontent.com notebooks.githubusercontent.com; img-src 'self' data: github.githubassets.com identicons.github.com collector.githubapp.com collector.github.com github-cloud.s3.amazonaws.com secured-user-images.githubusercontent.com/ *.githubusercontent.com; manifest-src 'self'; media-src github.com user-images.githubusercontent.com/; script-src github.githubassets.com; style-src 'unsafe-inline' github.githubassets.com; worker-src github.com/assets-cdn/worker/ gist.github.com/assets-cdn/worker/","x-github-request-id":"C3D4:3B15:1135912:13C49B8:622763C4"}
[debug] [2022-03-08T14:10:17.747Z] >>> [apiv2][query] GET https://api.github.com/user [none]
[debug] [2022-03-08T14:10:18.233Z] <<< [apiv2][status] GET https://api.github.com/user 200
[debug] [2022-03-08T14:10:18.234Z] <<< [apiv2][body] GET https://api.github.com/user {"login":"vikram741","id":51787677,"node_id":"MDQ6VXNlcjUxNzg3Njc3","avatar_url":"https://avatars.githubusercontent.com/u/51787677?v=4","gravatar_id":"","url":"https://api.github.com/users/vikram741","html_url":"https://github.com/vikram741","followers_url":"https://api.github.com/users/vikram741/followers","following_url":"https://api.github.com/users/vikram741/following{/other_user}","gists_url":"https://api.github.com/users/vikram741/gists{/gist_id}","starred_url":"https://api.github.com/users/vikram741/starred{/owner}{/repo}","subscriptions_url":"https://api.github.com/users/vikram741/subscriptions","organizations_url":"https://api.github.com/users/vikram741/orgs","repos_url":"https://api.github.com/users/vikram741/repos","events_url":"https://api.github.com/users/vikram741/events{/privacy}","received_events_url":"https://api.github.com/users/vikram741/received_events","type":"User","site_admin":false,"name":null,"company":null,"blog":"","location":null,"email":null,"hireable":null,"bio":null,"twitter_username":null,"public_repos":1,"public_gists":2,"followers":0,"following":0,"created_at":"2019-06-13T12:22:04Z","updated_at":"2022-03-08T03:10:54Z","private_gists":0,"total_private_repos":11,"owned_private_repos":11,"disk_usage":261507,"collaborators":2,"two_factor_authentication":false,"plan":{"name":"free","space":976562499,"collaborators":0,"private_repos":10000}}
[info] 
[info] +  Success! Logged into GitHub as vikram741 
[info] 
[debug] [2022-03-08T14:10:24.061Z] >>> [apiv2][query] GET https://api.github.com/repos//actions/secrets/public-key type=owner
[debug] [2022-03-08T14:10:24.455Z] <<< [apiv2][status] GET https://api.github.com/repos//actions/secrets/public-key 404
[debug] [2022-03-08T14:10:24.456Z] <<< [apiv2][body] GET https://api.github.com/repos//actions/secrets/public-key {"message":"Not Found","documentation_url":"https://docs.github.com/rest"}
[debug] [2022-03-08T14:10:28.373Z] >>> [apiv2][query] GET https://api.github.com/repos//actions/secrets/public-key type=owner
[debug] [2022-03-08T14:10:28.774Z] <<< [apiv2][status] GET https://api.github.com/repos//actions/secrets/public-key 404
[debug] [2022-03-08T14:10:28.775Z] <<< [apiv2][body] GET https://api.github.com/repos//actions/secrets/public-key {"message":"Not Found","documentation_url":"https://docs.github.com/rest"}
[debug] [2022-03-08T14:10:29.537Z] >>> [apiv2][query] GET https://api.github.com/repos//actions/secrets/public-key type=owner
[debug] [2022-03-08T14:10:29.928Z] <<< [apiv2][status] GET https://api.github.com/repos//actions/secrets/public-key 404
[debug] [2022-03-08T14:10:29.928Z] <<< [apiv2][body] GET https://api.github.com/repos//actions/secrets/public-key {"message":"Not Found","documentation_url":"https://docs.github.com/rest"}
[debug] [2022-03-08T14:10:44.637Z] ----------------------------------------------------------------------
[debug] [2022-03-08T14:10:44.643Z] Command:       C:\Program Files\nodejs\node.exe C:\Program Files\nodejs\node_modules\firebase-tools\lib\bin\firebase.js init
[debug] [2022-03-08T14:10:44.644Z] CLI Version:   10.2.2
[debug] [2022-03-08T14:10:44.644Z] Platform:      win32
[debug] [2022-03-08T14:10:44.645Z] Node Version:  v16.13.1
[debug] [2022-03-08T14:10:44.647Z] Time:          Tue Mar 08 2022 19:40:44 GMT+0530 (India Standard Time)
[debug] [2022-03-08T14:10:44.647Z] ----------------------------------------------------------------------
[debug] 
[debug] [2022-03-08T14:10:44.751Z] > command requires scopes: ["email","openid","https://www.googleapis.com/auth/cloudplatformprojects.readonly","https://www.googleapis.com/auth/firebase","https://www.googleapis.com/auth/cloud-platform"]
[debug] [2022-03-08T14:10:44.751Z] > authorizing via signed-in user (vikram7ayaluri@gmail.com)
[info] 
     ######## #### ########  ######## ########     ###     ######  ########
     ##        ##  ##     ## ##       ##     ##  ##   ##  ##       ##
     ######    ##  ########  ######   ########  #########  ######  ######
     ##        ##  ##    ##  ##       ##     ## ##     ##       ## ##
     ##       #### ##     ## ######## ########  ##     ##  ######  ########

You're about to initialize a Firebase project in this directory:

  C:\Users\91970\Desktop\cherry\vhatsapp-bot

Before we get started, keep in mind:

  * You are initializing within an existing Firebase project directory

[info] 
=== Project Setup
[info] 
[info] First, let's associate this project directory with a Firebase project.
[info] You can create multiple project aliases by running firebase use --add, 
[info] but for now we'll just set up a default project.
[info] 
[debug] [2022-03-08T14:10:55.157Z] Using project from CLI flag: vhatsapp-bot
[debug] [2022-03-08T14:10:55.162Z] >>> [apiv2][query] GET https://firebase.googleapis.com/v1beta1/projects/vhatsapp-bot [none]
[debug] [2022-03-08T14:10:55.739Z] <<< [apiv2][status] GET https://firebase.googleapis.com/v1beta1/projects/vhatsapp-bot 200
[debug] [2022-03-08T14:10:55.739Z] <<< [apiv2][body] GET https://firebase.googleapis.com/v1beta1/projects/vhatsapp-bot {"projectId":"vhatsapp-bot","projectNumber":"506167316772","displayName":"Vhatsapp","name":"projects/vhatsapp-bot","resources":{"hostingSite":"vhatsapp-bot"},"state":"ACTIVE"}
[info] i  Using project vhatsapp-bot (Vhatsapp) 
[info] 
=== Hosting Setup
[info] 
[info] Your public directory is the folder (relative to your project directory) that
[info] will contain Hosting assets to be uploaded with firebase deploy. If you
[info] have a build process for your assets, use your build's output directory.
[info] 
[debug] [2022-03-08T14:11:00.947Z] >>> [apiv2][query] GET https://www.gstatic.com/firebasejs/releases.json [none]
[debug] [2022-03-08T14:11:01.200Z] <<< [apiv2][status] GET https://www.gstatic.com/firebasejs/releases.json 200
[debug] [2022-03-08T14:11:01.201Z] <<< [apiv2][body] GET https://www.gstatic.com/firebasejs/releases.json {"current":{"version":"9.6.8","browserURL":"https://www.gstatic.com/firebasejs/9.6.8/firebase.js","packageURL":"https://www.gstatic.com/firebasejs/9.6.8/firebase.tgz"},"live":{"version":"9.6","browserURL":"https://www.gstatic.com/firebasejs/live/9.6/firebase.js","packageURL":"https://www.gstatic.com/firebasejs/live/9.6/firebase.tgz"},"components":{"analytics":"https://www.gstatic.com/firebasejs/9.6.8/firebase-analytics.js","app":"https://www.gstatic.com/firebasejs/9.6.8/firebase-app.js","app-check":"https://www.gstatic.com/firebasejs/9.6.8/firebase-app-check.js","auth":"https://www.gstatic.com/firebasejs/9.6.8/firebase-auth.js","auth/cordova":"https://www.gstatic.com/firebasejs/9.6.8/firebase-auth/cordova.js","auth/react-native":"https://www.gstatic.com/firebasejs/9.6.8/firebase-auth/react-native.js","functions":"https://www.gstatic.com/firebasejs/9.6.8/firebase-functions.js","firestore":"https://www.gstatic.com/firebasejs/9.6.8/firebase-firestore.js","firestore/lite":"https://www.gstatic.com/firebasejs/9.6.8/firebase-firestore/lite.js","storage":"https://www.gstatic.com/firebasejs/9.6.8/firebase-storage.js","performance":"https://www.gstatic.com/firebasejs/9.6.8/firebase-performance.js","remote-config":"https://www.gstatic.com/firebasejs/9.6.8/firebase-remote-config.js","messaging":"https://www.gstatic.com/firebasejs/9.6.8/firebase-messaging.js","messaging/sw":"https://www.gstatic.com/firebasejs/9.6.8/firebase-messaging/sw.js","database":"https://www.gstatic.com/firebasejs/9.6.8/firebase-database.js","firestore.memory":"https://www.gstatic.com/firebasejs/9.6.8/firebase-firestore.memory.js"}}
[info] +  Wrote public/index.html 
[info] 
[info] i  Detected a .git folder at C:\Users\91970\Desktop\cherry\vhatsapp-bot 
[info] i  Authorizing with GitHub to upload your service account to a GitHub repository's secrets store. 
[info] 
[info] Visit this URL on this device to log in:
[info] https://github.com/login/oauth/authorize?client_id=89cf50f02ac6aaed3484&state=795854858&redirect_uri=http%3A%2F%2Flocalhost%3A9005&scope=read%3Auser%20repo%20public_repo
[info] 
[info] Waiting for authentication...
[debug] [2022-03-08T14:11:04.151Z] >>> HTTP REQUEST POST https://github.com/login/oauth/access_token  
 {"client_id":"89cf50f02ac6aaed3484","client_secret":"3330d14abc895d9a74d5f17cd7a00711fa2c5bf0","code":"b885482ed02fafc5dbc3","redirect_uri":"http://localhost:9005","state":"795854858"}
[debug] [2022-03-08T14:11:04.676Z] <<< HTTP RESPONSE 200 {"server":"GitHub.com","date":"Tue, 08 Mar 2022 14:11:00 GMT","content-type":"application/json; charset=utf-8","transfer-encoding":"chunked","vary":"X-PJAX, X-PJAX-Container, Accept-Encoding, Accept, X-Requested-With","permissions-policy":"interest-cohort=()","etag":"W/\"ab9619dc6792791f73888b022fa154f3\"","cache-control":"max-age=0, private, must-revalidate","strict-transport-security":"max-age=31536000; includeSubdomains; preload","x-frame-options":"deny","x-content-type-options":"nosniff","x-xss-protection":"0","referrer-policy":"origin-when-cross-origin, strict-origin-when-cross-origin","expect-ct":"max-age=2592000, report-uri=\"https://api.github.com/_private/browser/errors\"","content-security-policy":"default-src 'none'; base-uri 'self'; block-all-mixed-content; child-src github.com/assets-cdn/worker/ gist.github.com/assets-cdn/worker/; connect-src 'self' uploads.github.com objects-origin.githubusercontent.com www.githubstatus.com collector.githubapp.com collector.github.com api.github.com github-cloud.s3.amazonaws.com github-production-repository-file-5c1aeb.s3.amazonaws.com github-production-upload-manifest-file-7fdce7.s3.amazonaws.com github-production-user-asset-6210df.s3.amazonaws.com cdn.optimizely.com logx.optimizely.com/v1/events translator.github.com wss://alive.github.com; font-src github.githubassets.com; form-action 'self' github.com gist.github.com objects-origin.githubusercontent.com; frame-ancestors 'none'; frame-src render.githubusercontent.com viewscreen.githubusercontent.com notebooks.githubusercontent.com; img-src 'self' data: github.githubassets.com identicons.github.com collector.githubapp.com collector.github.com github-cloud.s3.amazonaws.com secured-user-images.githubusercontent.com/ *.githubusercontent.com; manifest-src 'self'; media-src github.com user-images.githubusercontent.com/; script-src github.githubassets.com; style-src 'unsafe-inline' github.githubassets.com; worker-src github.com/assets-cdn/worker/ gist.github.com/assets-cdn/worker/","x-github-request-id":"C3F7:5B62:BE0D54:D6FF22:622763F3"}
[debug] [2022-03-08T14:11:04.686Z] >>> [apiv2][query] GET https://api.github.com/user [none]
[debug] [2022-03-08T14:11:05.180Z] <<< [apiv2][status] GET https://api.github.com/user 200
[debug] [2022-03-08T14:11:05.180Z] <<< [apiv2][body] GET https://api.github.com/user {"login":"vikram741","id":51787677,"node_id":"MDQ6VXNlcjUxNzg3Njc3","avatar_url":"https://avatars.githubusercontent.com/u/51787677?v=4","gravatar_id":"","url":"https://api.github.com/users/vikram741","html_url":"https://github.com/vikram741","followers_url":"https://api.github.com/users/vikram741/followers","following_url":"https://api.github.com/users/vikram741/following{/other_user}","gists_url":"https://api.github.com/users/vikram741/gists{/gist_id}","starred_url":"https://api.github.com/users/vikram741/starred{/owner}{/repo}","subscriptions_url":"https://api.github.com/users/vikram741/subscriptions","organizations_url":"https://api.github.com/users/vikram741/orgs","repos_url":"https://api.github.com/users/vikram741/repos","events_url":"https://api.github.com/users/vikram741/events{/privacy}","received_events_url":"https://api.github.com/users/vikram741/received_events","type":"User","site_admin":false,"name":null,"company":null,"blog":"","location":null,"email":null,"hireable":null,"bio":null,"twitter_username":null,"public_repos":1,"public_gists":2,"followers":0,"following":0,"created_at":"2019-06-13T12:22:04Z","updated_at":"2022-03-08T03:10:54Z","private_gists":0,"total_private_repos":11,"owned_private_repos":11,"disk_usage":261507,"collaborators":2,"two_factor_authentication":false,"plan":{"name":"free","space":976562499,"collaborators":0,"private_repos":10000}}
[info] 
[info] +  Success! Logged into GitHub as vikram741 
[info] 
[debug] [2022-03-08T14:11:08.232Z] >>> [apiv2][query] GET https://api.github.com/repos//actions/secrets/public-key type=owner
[debug] [2022-03-08T14:11:08.650Z] <<< [apiv2][status] GET https://api.github.com/repos//actions/secrets/public-key 404
[debug] [2022-03-08T14:11:08.650Z] <<< [apiv2][body] GET https://api.github.com/repos//actions/secrets/public-key {"message":"Not Found","documentation_url":"https://docs.github.com/rest"}
[debug] [2022-03-08T14:11:20.831Z] >>> [apiv2][query] GET https://api.github.com/repos/vikram741/vhatsapp/actions/secrets/public-key type=owner
[debug] [2022-03-08T14:11:21.261Z] <<< [apiv2][status] GET https://api.github.com/repos/vikram741/vhatsapp/actions/secrets/public-key 404
[debug] [2022-03-08T14:11:21.261Z] <<< [apiv2][body] GET https://api.github.com/repos/vikram741/vhatsapp/actions/secrets/public-key {"message":"Not Found","documentation_url":"https://docs.github.com/rest/reference/actions#get-a-repository-public-key"}
[debug] [2022-03-08T14:11:35.308Z] >>> [apiv2][query] GET https://api.github.com/repos/vikram741/vhatsapp/actions/secrets/public-key type=owner
[debug] [2022-03-08T14:11:35.849Z] <<< [apiv2][status] GET https://api.github.com/repos/vikram741/vhatsapp/actions/secrets/public-key 404
[debug] [2022-03-08T14:11:35.850Z] <<< [apiv2][body] GET https://api.github.com/repos/vikram741/vhatsapp/actions/secrets/public-key {"message":"Not Found","documentation_url":"https://docs.github.com/rest/reference/actions#get-a-repository-public-key"}
[debug] [2022-03-08T14:12:04.735Z] >>> [apiv2][query] GET https://api.github.com/repos/vikram741/vhatsapp/actions/secrets/public-key type=owner
[debug] [2022-03-08T14:12:05.115Z] <<< [apiv2][status] GET https://api.github.com/repos/vikram741/vhatsapp/actions/secrets/public-key 404
[debug] [2022-03-08T14:12:05.115Z] <<< [apiv2][body] GET https://api.github.com/repos/vikram741/vhatsapp/actions/secrets/public-key {"message":"Not Found","documentation_url":"https://docs.github.com/rest/reference/actions#get-a-repository-public-key"}
